<?xml version="1.0" encoding="UTF-8" ?>
<testsuites errors="0"
            failures="3"
            tests="1">

  <testsuite name="index"
    errors="0" failures="3" hostname="" id="" package="index" skipped="0"
    tests="1" time="23.00" timestamp="">
  
    <testcase name="Demo test Google" classname="index" time="23.00" assertions="5">

    

      <failure message="Expected element &lt;body&gt; to have attribute &#34;class&#34; which contains: &#34;vasq&#34; - expected [0;32m&#34;contains &#39;vasq&#39;&#34;[0m but got: [0;31m&#34;logged-out env-production page-responsive min-width-0&#34;[0m">    at Object.Demo test Google (/home/uesli/Documents/code/nightwatchjs/index.js:10:24)
    at process._tickCallback (internal/process/next_tick.js:68:7)</failure>

      <failure message="Expected element &lt;#lst-ib&gt; to be an input - element was not found - expected [0;32m&#34;present&#34;[0m but got: [0;31m&#34;not present&#34;[0m">    at Object.Demo test Google (/home/uesli/Documents/code/nightwatchjs/index.js:11:24)
    at process._tickCallback (internal/process/next_tick.js:68:7)</failure>

      <failure message="Expected element &lt;#lst-ib&gt; to be visible - element was not found - expected [0;32m&#34;visible&#34;[0m but got: [0;31m&#34;not found&#34;[0m">    at Object.Demo test Google (/home/uesli/Documents/code/nightwatchjs/index.js:12:24)
    at process._tickCallback (internal/process/next_tick.js:68:7)</failure>

    <failure message="    at Object.Demo test Google (/home/uesli/Documents/code/nightwatchjs/index.js:12:24)">    at process._tickCallback (internal/process/next_tick.js:68:7)</failure>
    </testcase>
  

  

  
  </testsuite>
</testsuites>
